<?xml version="1.0" encoding="UTF-8"?>
<!-- Generated by org.testng.reporters.JUnitXMLReporter -->
<testsuite hostname="Muralis-MacBook-Pro.local" ignored="0" name="Surefire test" tests="9" failures="1" timestamp="2022-02-20T22:38:02 PST" time="90.33" errors="0">
  <testcase name="@BeforeMethod setUp" time="13.016" classname="com.crm.qa.Testcases.CalenderPageTest">
    <failure type="org.openqa.selenium.ElementClickInterceptedException" message="element click intercepted: Element &amp;lt;a href=&amp;quot;https://ui.freecrm.com/&amp;quot;&amp;gt;...&amp;lt;/a&amp;gt; is not clickable at point (940, 30). Other element would receive the click: &amp;lt;div id=&amp;quot;preloader&amp;quot;&amp;gt;...&amp;lt;/div&amp;gt;
  (Session info: chrome=98.0.4758.102)
Build info: version: &amp;apos;4.1.2&amp;apos;, revision: &amp;apos;9a5a329c5a&amp;apos;
System info: host: &amp;apos;Muralis-MacBook-Pro.local&amp;apos;, ip: &amp;apos;2601:1c0:6b01:55e0:0:0:0:93e1%en0&amp;apos;, os.name: &amp;apos;Mac OS X&amp;apos;, os.arch: &amp;apos;x86_64&amp;apos;, os.version: &amp;apos;11.5.2&amp;apos;, java.version: &amp;apos;1.8.0_321&amp;apos;
Driver info: org.openqa.selenium.chrome.ChromeDriver
Command: [65cc9cab414b8e206d08b5f41c1b1ad0, clickElement {id=904398e6-e75b-4e2c-beb6-cb24ed473dd8}]
Capabilities {acceptInsecureCerts: false, browserName: chrome, browserVersion: 98.0.4758.102, chrome: {chromedriverVersion: 97.0.4692.20 (6559bb085abca..., userDataDir: /var/folders/qy/j_86_fn55qn...}, goog:chromeOptions: {debuggerAddress: localhost:52653}, javascriptEnabled: true, networkConnectionEnabled: false, pageLoadStrategy: normal, platform: MAC, platformName: MAC, proxy: Proxy(), se:cdp: ws://localhost:52653/devtoo..., se:cdpVersion: 98.0.4758.102, setWindowRect: true, strictFileInteractability: false, timeouts: {implicit: 0, pageLoad: 300000, script: 30000}, unhandledPromptBehavior: dismiss and notify, webauthn:extension:credBlob: true, webauthn:extension:largeBlob: true, webauthn:virtualAuthenticators: true}
Element: [[ChromeDriver: chrome on MAC (65cc9cab414b8e206d08b5f41c1b1ad0)] -&amp;gt; xpath: //a[contains(text(),&amp;apos;Login&amp;apos;)]]
Session ID: 65cc9cab414b8e206d08b5f41c1b1ad0">
      <![CDATA[org.openqa.selenium.ElementClickInterceptedException: element click intercepted: Element <a href="https://ui.freecrm.com/">...</a> is not clickable at point (940, 30). Other element would receive the click: <div id="preloader">...</div>
  (Session info: chrome=98.0.4758.102)
Build info: version: '4.1.2', revision: '9a5a329c5a'
System info: host: 'Muralis-MacBook-Pro.local', ip: '2601:1c0:6b01:55e0:0:0:0:93e1%en0', os.name: 'Mac OS X', os.arch: 'x86_64', os.version: '11.5.2', java.version: '1.8.0_321'
Driver info: org.openqa.selenium.chrome.ChromeDriver
Command: [65cc9cab414b8e206d08b5f41c1b1ad0, clickElement {id=904398e6-e75b-4e2c-beb6-cb24ed473dd8}]
Capabilities {acceptInsecureCerts: false, browserName: chrome, browserVersion: 98.0.4758.102, chrome: {chromedriverVersion: 97.0.4692.20 (6559bb085abca..., userDataDir: /var/folders/qy/j_86_fn55qn...}, goog:chromeOptions: {debuggerAddress: localhost:52653}, javascriptEnabled: true, networkConnectionEnabled: false, pageLoadStrategy: normal, platform: MAC, platformName: MAC, proxy: Proxy(), se:cdp: ws://localhost:52653/devtoo..., se:cdpVersion: 98.0.4758.102, setWindowRect: true, strictFileInteractability: false, timeouts: {implicit: 0, pageLoad: 300000, script: 30000}, unhandledPromptBehavior: dismiss and notify, webauthn:extension:credBlob: true, webauthn:extension:largeBlob: true, webauthn:virtualAuthenticators: true}
Element: [[ChromeDriver: chrome on MAC (65cc9cab414b8e206d08b5f41c1b1ad0)] -> xpath: //a[contains(text(),'Login')]]
Session ID: 65cc9cab414b8e206d08b5f41c1b1ad0
at org.openqa.selenium.remote.codec.w3c.W3CHttpResponseCodec.createException(W3CHttpResponseCodec.java:200)
at org.openqa.selenium.remote.codec.w3c.W3CHttpResponseCodec.decode(W3CHttpResponseCodec.java:133)
at org.openqa.selenium.remote.codec.w3c.W3CHttpResponseCodec.decode(W3CHttpResponseCodec.java:53)
at org.openqa.selenium.remote.HttpCommandExecutor.execute(HttpCommandExecutor.java:184)
at org.openqa.selenium.remote.service.DriverCommandExecutor.invokeExecute(DriverCommandExecutor.java:167)
at org.openqa.selenium.remote.service.DriverCommandExecutor.execute(DriverCommandExecutor.java:142)
at org.openqa.selenium.remote.RemoteWebDriver.execute(RemoteWebDriver.java:558)
at org.openqa.selenium.remote.RemoteWebElement.execute(RemoteWebElement.java:251)
at org.openqa.selenium.remote.RemoteWebElement.click(RemoteWebElement.java:77)
at org.openqa.selenium.support.events.EventFiringWebDriver$EventFiringWebElement.lambda$new$0(EventFiringWebDriver.java:414)
at com.sun.proxy.$Proxy16.click(Unknown Source)
at org.openqa.selenium.support.events.EventFiringWebDriver$EventFiringWebElement.click(EventFiringWebDriver.java:427)
at org.openqa.selenium.support.pagefactory.internal.LocatingElementHandler.invoke(LocatingElementHandler.java:52)
at com.sun.proxy.$Proxy15.click(Unknown Source)
at com.crm.qa.pages.WelcomePage.logInClick(WelcomePage.java:36)
at com.crm.qa.Testcases.CalenderPageTest.setUp(CalenderPageTest.java:46)
at java.util.ArrayList.forEach(ArrayList.java:1259)
... Removed 46 stack frames]]>
    </failure>
  </testcase> <!-- @BeforeMethod setUp -->
  <testcase name="@AfterMethod TearDown" time="0.0" classname="com.crm.qa.Testcases.CalenderPageTest">
    <skipped/>
  </testcase> <!-- @AfterMethod TearDown -->
  <testcase name="@BeforeMethod setUp" time="0.0" classname="com.crm.qa.Testcases.CalenderPageTest">
    <skipped/>
  </testcase> <!-- @BeforeMethod setUp -->
  <testcase name="@AfterMethod TearDown" time="0.0" classname="com.crm.qa.Testcases.CalenderPageTest">
    <skipped/>
  </testcase> <!-- @AfterMethod TearDown -->
  <testcase name="CreateNewEventPageTest" time="0.0" classname="com.crm.qa.Testcases.CreateNewEventTest">
    <skipped/>
  </testcase> <!-- CreateNewEventPageTest -->
  <testcase name="CalenderIconClickTest" time="2.769" classname="com.crm.qa.Testcases.HomePageTest"/>
  <testcase name="ValidateHomePageTitleTest" time="0.032" classname="com.crm.qa.Testcases.HomePageTest"/>
  <testcase name="VerifyUserName" time="2.826" classname="com.crm.qa.Testcases.HomePageTest"/>
  <testcase name="LogInValidation" time="2.641" classname="com.crm.qa.Testcases.LoginPageTest"/>
  <testcase name="ValidateWelcomePage" time="0.095" classname="com.crm.qa.Testcases.WelcomePageTest"/>
  <testcase name="LogInBtnEnabled" time="7.784" classname="com.crm.qa.Testcases.WelcomePageTest">
    <failure type="org.openqa.selenium.ElementClickInterceptedException" message="element click intercepted: Element &amp;lt;a href=&amp;quot;https://ui.freecrm.com/&amp;quot;&amp;gt;...&amp;lt;/a&amp;gt; is not clickable at point (940, 30). Other element would receive the click: &amp;lt;div id=&amp;quot;preloader&amp;quot; style=&amp;quot;opacity: 0.186336;&amp;quot;&amp;gt;...&amp;lt;/div&amp;gt;
  (Session info: chrome=98.0.4758.102)
Build info: version: &amp;apos;4.1.2&amp;apos;, revision: &amp;apos;9a5a329c5a&amp;apos;
System info: host: &amp;apos;Muralis-MacBook-Pro.local&amp;apos;, ip: &amp;apos;2601:1c0:6b01:55e0:0:0:0:93e1%en0&amp;apos;, os.name: &amp;apos;Mac OS X&amp;apos;, os.arch: &amp;apos;x86_64&amp;apos;, os.version: &amp;apos;11.5.2&amp;apos;, java.version: &amp;apos;1.8.0_321&amp;apos;
Driver info: org.openqa.selenium.chrome.ChromeDriver
Command: [493b1a8619c40d07d164ce7c95b7aa19, clickElement {id=ee82324c-fedb-40d9-a92d-0bc6798341b7}]
Capabilities {acceptInsecureCerts: false, browserName: chrome, browserVersion: 98.0.4758.102, chrome: {chromedriverVersion: 97.0.4692.20 (6559bb085abca..., userDataDir: /var/folders/qy/j_86_fn55qn...}, goog:chromeOptions: {debuggerAddress: localhost:52608}, javascriptEnabled: true, networkConnectionEnabled: false, pageLoadStrategy: normal, platform: MAC, platformName: MAC, proxy: Proxy(), se:cdp: ws://localhost:52608/devtoo..., se:cdpVersion: 98.0.4758.102, setWindowRect: true, strictFileInteractability: false, timeouts: {implicit: 0, pageLoad: 300000, script: 30000}, unhandledPromptBehavior: dismiss and notify, webauthn:extension:credBlob: true, webauthn:extension:largeBlob: true, webauthn:virtualAuthenticators: true}
Element: [[ChromeDriver: chrome on MAC (493b1a8619c40d07d164ce7c95b7aa19)] -&amp;gt; xpath: //a[contains(text(),&amp;apos;Login&amp;apos;)]]
Session ID: 493b1a8619c40d07d164ce7c95b7aa19">
      <![CDATA[org.openqa.selenium.ElementClickInterceptedException: element click intercepted: Element <a href="https://ui.freecrm.com/">...</a> is not clickable at point (940, 30). Other element would receive the click: <div id="preloader" style="opacity: 0.186336;">...</div>
  (Session info: chrome=98.0.4758.102)
Build info: version: '4.1.2', revision: '9a5a329c5a'
System info: host: 'Muralis-MacBook-Pro.local', ip: '2601:1c0:6b01:55e0:0:0:0:93e1%en0', os.name: 'Mac OS X', os.arch: 'x86_64', os.version: '11.5.2', java.version: '1.8.0_321'
Driver info: org.openqa.selenium.chrome.ChromeDriver
Command: [493b1a8619c40d07d164ce7c95b7aa19, clickElement {id=ee82324c-fedb-40d9-a92d-0bc6798341b7}]
Capabilities {acceptInsecureCerts: false, browserName: chrome, browserVersion: 98.0.4758.102, chrome: {chromedriverVersion: 97.0.4692.20 (6559bb085abca..., userDataDir: /var/folders/qy/j_86_fn55qn...}, goog:chromeOptions: {debuggerAddress: localhost:52608}, javascriptEnabled: true, networkConnectionEnabled: false, pageLoadStrategy: normal, platform: MAC, platformName: MAC, proxy: Proxy(), se:cdp: ws://localhost:52608/devtoo..., se:cdpVersion: 98.0.4758.102, setWindowRect: true, strictFileInteractability: false, timeouts: {implicit: 0, pageLoad: 300000, script: 30000}, unhandledPromptBehavior: dismiss and notify, webauthn:extension:credBlob: true, webauthn:extension:largeBlob: true, webauthn:virtualAuthenticators: true}
Element: [[ChromeDriver: chrome on MAC (493b1a8619c40d07d164ce7c95b7aa19)] -> xpath: //a[contains(text(),'Login')]]
Session ID: 493b1a8619c40d07d164ce7c95b7aa19
at org.openqa.selenium.remote.codec.w3c.W3CHttpResponseCodec.createException(W3CHttpResponseCodec.java:200)
at org.openqa.selenium.remote.codec.w3c.W3CHttpResponseCodec.decode(W3CHttpResponseCodec.java:133)
at org.openqa.selenium.remote.codec.w3c.W3CHttpResponseCodec.decode(W3CHttpResponseCodec.java:53)
at org.openqa.selenium.remote.HttpCommandExecutor.execute(HttpCommandExecutor.java:184)
at org.openqa.selenium.remote.service.DriverCommandExecutor.invokeExecute(DriverCommandExecutor.java:167)
at org.openqa.selenium.remote.service.DriverCommandExecutor.execute(DriverCommandExecutor.java:142)
at org.openqa.selenium.remote.RemoteWebDriver.execute(RemoteWebDriver.java:558)
at org.openqa.selenium.remote.RemoteWebElement.execute(RemoteWebElement.java:251)
at org.openqa.selenium.remote.RemoteWebElement.click(RemoteWebElement.java:77)
at org.openqa.selenium.support.events.EventFiringWebDriver$EventFiringWebElement.lambda$new$0(EventFiringWebDriver.java:414)
at com.sun.proxy.$Proxy16.click(Unknown Source)
at org.openqa.selenium.support.events.EventFiringWebDriver$EventFiringWebElement.click(EventFiringWebDriver.java:427)
at org.openqa.selenium.support.pagefactory.internal.LocatingElementHandler.invoke(LocatingElementHandler.java:52)
at com.sun.proxy.$Proxy15.click(Unknown Source)
at com.crm.qa.pages.WelcomePage.logInClick(WelcomePage.java:36)
at com.crm.qa.Testcases.WelcomePageTest.LogInBtnEnabled(WelcomePageTest.java:40)
at java.util.ArrayList.forEach(ArrayList.java:1259)
... Removed 42 stack frames]]>
    </failure>
  </testcase> <!-- LogInBtnEnabled -->
  <testcase name="CalenderCreateBtnTest" time="0.0" classname="com.crm.qa.Testcases.CalenderPageTest">
    <skipped/>
  </testcase> <!-- CalenderCreateBtnTest -->
  <testcase name="CalenderPageValidationTest" time="0.0" classname="com.crm.qa.Testcases.CalenderPageTest">
    <skipped/>
  </testcase> <!-- CalenderPageValidationTest -->
</testsuite> <!-- Surefire test -->
